----- CLI crash report at 2025-12-06T16:44:37.055Z
Error Trace
FailedToIdentifyProgramFlow: FailedToIdentifyProgramFlow
    at _Command.<anonymous> (/Users/AI/.nvm/versions/node/v22.17.1/lib/node_modules/@wix/cli/src/program.ts:76:15)
    at _Command.emit (node:events:518:28)
    at _Command._parseCommand (/Users/AI/.nvm/versions/node/v22.17.1/lib/node_modules/node_modules/commander/lib/command.js:1607:14)
    at _Command.parseAsync (/Users/AI/.nvm/versions/node/v22.17.1/lib/node_modules/node_modules/commander/lib/command.js:1104:16)
    at <anonymous> (/Users/AI/.nvm/versions/node/v22.17.1/lib/node_modules/@wix/cli/src/index.tsx:88:39)
Error Info
{}
----- CLI crash report at 2025-12-06T16:45:07.302Z
Error Trace
FailedToIdentifyProgramFlow: FailedToIdentifyProgramFlow
    at _Command.<anonymous> (/Users/AI/.nvm/versions/node/v22.17.1/lib/node_modules/@wix/cli/src/program.ts:76:15)
    at _Command.emit (node:events:518:28)
    at _Command._parseCommand (/Users/AI/.nvm/versions/node/v22.17.1/lib/node_modules/node_modules/commander/lib/command.js:1607:14)
    at _Command.parseAsync (/Users/AI/.nvm/versions/node/v22.17.1/lib/node_modules/node_modules/commander/lib/command.js:1104:16)
    at <anonymous> (/Users/AI/.nvm/versions/node/v22.17.1/lib/node_modules/@wix/cli/src/index.tsx:88:39)
Error Info
{}
